TN:
SF:src/modules/doctors/services/CreateDoctorService.ts
FN:20,(anonymous_18)
FN:21,CreateDoctorService
FN:29,(anonymous_20)
FNF:3
FNH:3
FNDA:4,(anonymous_18)
FNDA:8,CreateDoctorService
FNDA:13,(anonymous_20)
DA:1,4
DA:2,4
DA:4,4
DA:20,4
DA:23,8
DA:26,8
DA:29,4
DA:30,13
DA:31,13
DA:32,13
DA:33,13
DA:34,13
DA:35,13
DA:36,13
DA:38,13
DA:40,13
DA:42,13
DA:43,1
DA:46,12
DA:59,12
DA:61,4
DA:63,4
LF:22
LH:22
BRDA:38,0,0,13
BRDA:42,1,0,1
BRDA:42,1,1,12
BRF:3
BRH:3
end_of_record
TN:
SF:src/modules/doctors/services/DeleteDoctorService.ts
FN:6,(anonymous_17)
FN:7,DeleteDoctor
FN:12,(anonymous_19)
FNF:3
FNH:0
FNDA:0,(anonymous_17)
FNDA:0,DeleteDoctor
FNDA:0,(anonymous_19)
DA:1,0
DA:6,0
DA:9,0
DA:12,0
DA:13,0
DA:15,0
DA:17,0
LF:7
LH:0
BRDA:13,0,0,0
BRF:1
BRH:0
end_of_record
TN:
SF:src/modules/doctors/services/GetDoctorService.ts
FN:8,(anonymous_18)
FN:9,GetDoctor
FN:14,(anonymous_20)
FNF:3
FNH:3
FNDA:1,(anonymous_18)
FNDA:2,GetDoctor
FNDA:2,(anonymous_20)
DA:1,1
DA:3,1
DA:8,1
DA:11,2
DA:14,1
DA:15,2
DA:17,2
DA:18,1
DA:21,1
DA:23,1
DA:25,1
LF:11
LH:11
BRDA:15,0,0,2
BRDA:17,1,0,1
BRDA:17,1,1,1
BRF:3
BRH:3
end_of_record
TN:
SF:src/modules/doctors/services/ListDoctorsByCepService.ts
FN:7,(anonymous_17)
FN:8,ListDoctorsByCepService
FN:13,(anonymous_19)
FNF:3
FNH:0
FNDA:0,(anonymous_17)
FNDA:0,ListDoctorsByCepService
FNDA:0,(anonymous_19)
DA:1,0
DA:7,0
DA:10,0
DA:13,0
DA:14,0
DA:16,0
DA:18,0
DA:20,0
LF:8
LH:0
BRF:0
BRH:0
end_of_record
TN:
SF:src/modules/doctors/services/ListDoctorsByCityService.ts
FN:7,(anonymous_17)
FN:8,ListDoctorsByCityService
FN:13,(anonymous_19)
FNF:3
FNH:0
FNDA:0,(anonymous_17)
FNDA:0,ListDoctorsByCityService
FNDA:0,(anonymous_19)
DA:1,0
DA:7,0
DA:10,0
DA:13,0
DA:14,0
DA:16,0
DA:18,0
DA:20,0
LF:8
LH:0
BRF:0
BRH:0
end_of_record
TN:
SF:src/modules/doctors/services/ListDoctorsByStateService.ts
FN:7,(anonymous_17)
FN:8,ListDoctorsByStateService
FN:13,(anonymous_19)
FNF:3
FNH:0
FNDA:0,(anonymous_17)
FNDA:0,ListDoctorsByStateService
FNDA:0,(anonymous_19)
DA:1,0
DA:7,0
DA:10,0
DA:13,0
DA:14,0
DA:16,0
DA:18,0
DA:20,0
LF:8
LH:0
BRF:0
BRH:0
end_of_record
TN:
SF:src/modules/doctors/services/ListDoctorsByStreetService.ts
FN:7,(anonymous_17)
FN:8,ListDoctorsByStreetService
FN:13,(anonymous_19)
FNF:3
FNH:0
FNDA:0,(anonymous_17)
FNDA:0,ListDoctorsByStreetService
FNDA:0,(anonymous_19)
DA:1,0
DA:7,0
DA:10,0
DA:13,0
DA:14,0
DA:16,0
DA:18,0
DA:20,0
LF:8
LH:0
BRF:0
BRH:0
end_of_record
TN:
SF:src/modules/doctors/services/ListDoctorsService.ts
FN:7,(anonymous_17)
FN:8,ListDoctorsService
FN:13,(anonymous_19)
FNF:3
FNH:3
FNDA:1,(anonymous_17)
FNDA:1,ListDoctorsService
FNDA:1,(anonymous_19)
DA:1,1
DA:7,1
DA:10,1
DA:13,1
DA:14,1
DA:16,1
DA:18,1
DA:20,1
LF:8
LH:8
BRF:0
BRH:0
end_of_record
TN:
SF:src/modules/doctors/services/UpdateDoctorService.ts
FN:20,(anonymous_18)
FN:21,UpdateDoctorService
FN:29,(anonymous_20)
FNF:3
FNH:3
FNDA:1,(anonymous_18)
FNDA:3,UpdateDoctorService
FNDA:3,(anonymous_20)
DA:1,1
DA:6,1
DA:20,1
DA:23,3
DA:26,3
DA:29,1
DA:30,3
DA:31,3
DA:32,3
DA:33,3
DA:34,3
DA:35,3
DA:36,3
DA:37,3
DA:39,3
DA:41,3
DA:43,3
DA:44,1
DA:47,2
DA:51,2
DA:52,1
DA:55,1
DA:56,1
DA:57,1
DA:58,1
DA:59,1
DA:60,1
DA:61,1
DA:62,1
DA:63,1
DA:64,1
DA:66,1
DA:68,1
DA:70,1
LF:34
LH:34
BRDA:39,0,0,3
BRDA:43,1,0,1
BRDA:43,1,1,2
BRDA:51,2,0,1
BRDA:51,2,1,1
BRDA:51,3,0,2
BRDA:51,3,1,1
BRF:7
BRH:7
end_of_record
