TN:
SF:src/modules/doctors/services/CreateDoctorService.ts
FN:20,(anonymous_18)
FN:21,CreateDoctorService
FN:29,(anonymous_20)
FNF:3
FNH:3
FNDA:1,(anonymous_18)
FNDA:2,CreateDoctorService
FNDA:3,(anonymous_20)
DA:1,1
DA:2,1
DA:4,1
DA:20,1
DA:23,2
DA:26,2
DA:29,1
DA:30,3
DA:31,3
DA:32,3
DA:33,3
DA:34,3
DA:35,3
DA:36,3
DA:38,3
DA:40,3
DA:42,3
DA:43,1
DA:46,2
DA:59,2
DA:61,1
DA:63,1
LF:22
LH:22
BRDA:38,0,0,3
BRDA:42,1,0,1
BRDA:42,1,1,2
BRF:3
BRH:3
end_of_record
TN:
SF:src/modules/doctors/services/DeleteDoctorService.ts
FN:6,(anonymous_17)
FN:7,DeleteDoctor
FN:12,(anonymous_19)
FNF:3
FNH:0
FNDA:0,(anonymous_17)
FNDA:0,DeleteDoctor
FNDA:0,(anonymous_19)
DA:1,0
DA:6,0
DA:9,0
DA:12,0
DA:13,0
DA:15,0
DA:17,0
LF:7
LH:0
BRDA:13,0,0,0
BRF:1
BRH:0
end_of_record
TN:
SF:src/modules/doctors/services/GetDoctorService.ts
FN:8,(anonymous_18)
FN:9,GetDoctor
FN:14,(anonymous_20)
FNF:3
FNH:0
FNDA:0,(anonymous_18)
FNDA:0,GetDoctor
FNDA:0,(anonymous_20)
DA:1,0
DA:3,0
DA:8,0
DA:11,0
DA:14,0
DA:15,0
DA:17,0
DA:18,0
DA:21,0
DA:23,0
DA:25,0
LF:11
LH:0
BRDA:15,0,0,0
BRDA:17,1,0,0
BRDA:17,1,1,0
BRF:3
BRH:0
end_of_record
TN:
SF:src/modules/doctors/services/ListDoctorsByCepService.ts
FN:7,(anonymous_17)
FN:8,ListDoctorsByCepService
FN:13,(anonymous_19)
FNF:3
FNH:0
FNDA:0,(anonymous_17)
FNDA:0,ListDoctorsByCepService
FNDA:0,(anonymous_19)
DA:1,0
DA:7,0
DA:10,0
DA:13,0
DA:14,0
DA:16,0
DA:18,0
DA:20,0
LF:8
LH:0
BRF:0
BRH:0
end_of_record
TN:
SF:src/modules/doctors/services/ListDoctorsByCityService.ts
FN:7,(anonymous_17)
FN:8,ListDoctorsByCityService
FN:13,(anonymous_19)
FNF:3
FNH:0
FNDA:0,(anonymous_17)
FNDA:0,ListDoctorsByCityService
FNDA:0,(anonymous_19)
DA:1,0
DA:7,0
DA:10,0
DA:13,0
DA:14,0
DA:16,0
DA:18,0
DA:20,0
LF:8
LH:0
BRF:0
BRH:0
end_of_record
TN:
SF:src/modules/doctors/services/ListDoctorsByMedicalSpecialtyService.ts
FN:7,(anonymous_17)
FN:8,ListDoctorsByMedicalSpecialtyService
FN:13,(anonymous_19)
FNF:3
FNH:0
FNDA:0,(anonymous_17)
FNDA:0,ListDoctorsByMedicalSpecialtyService
FNDA:0,(anonymous_19)
DA:1,0
DA:7,0
DA:10,0
DA:13,0
DA:16,0
DA:19,0
DA:21,0
DA:23,0
LF:8
LH:0
BRF:0
BRH:0
end_of_record
TN:
SF:src/modules/doctors/services/ListDoctorsByStateService.ts
FN:7,(anonymous_17)
FN:8,ListDoctorsByStateService
FN:13,(anonymous_19)
FNF:3
FNH:0
FNDA:0,(anonymous_17)
FNDA:0,ListDoctorsByStateService
FNDA:0,(anonymous_19)
DA:1,0
DA:7,0
DA:10,0
DA:13,0
DA:14,0
DA:16,0
DA:18,0
DA:20,0
LF:8
LH:0
BRF:0
BRH:0
end_of_record
TN:
SF:src/modules/doctors/services/ListDoctorsByStreetService.ts
FN:7,(anonymous_17)
FN:8,ListDoctorsByStreetService
FN:13,(anonymous_19)
FNF:3
FNH:0
FNDA:0,(anonymous_17)
FNDA:0,ListDoctorsByStreetService
FNDA:0,(anonymous_19)
DA:1,0
DA:7,0
DA:10,0
DA:13,0
DA:14,0
DA:16,0
DA:18,0
DA:20,0
LF:8
LH:0
BRF:0
BRH:0
end_of_record
TN:
SF:src/modules/doctors/services/ListDoctorsService.ts
FN:7,(anonymous_17)
FN:8,ListDoctorsService
FN:13,(anonymous_19)
FNF:3
FNH:0
FNDA:0,(anonymous_17)
FNDA:0,ListDoctorsService
FNDA:0,(anonymous_19)
DA:1,0
DA:7,0
DA:10,0
DA:13,0
DA:14,0
DA:16,0
DA:18,0
DA:20,0
LF:8
LH:0
BRF:0
BRH:0
end_of_record
TN:
SF:src/modules/doctors/services/UpdateDoctorService.ts
FN:20,(anonymous_18)
FN:21,UpdateDoctorService
FN:29,(anonymous_20)
FNF:3
FNH:0
FNDA:0,(anonymous_18)
FNDA:0,UpdateDoctorService
FNDA:0,(anonymous_20)
DA:1,0
DA:6,0
DA:20,0
DA:23,0
DA:26,0
DA:29,0
DA:30,0
DA:31,0
DA:32,0
DA:33,0
DA:34,0
DA:35,0
DA:36,0
DA:37,0
DA:39,0
DA:41,0
DA:43,0
DA:44,0
DA:47,0
DA:51,0
DA:52,0
DA:55,0
DA:56,0
DA:57,0
DA:58,0
DA:59,0
DA:60,0
DA:61,0
DA:62,0
DA:63,0
DA:64,0
DA:66,0
DA:68,0
DA:70,0
LF:34
LH:0
BRDA:39,0,0,0
BRDA:43,1,0,0
BRDA:43,1,1,0
BRDA:51,2,0,0
BRDA:51,2,1,0
BRDA:51,3,0,0
BRDA:51,3,1,0
BRF:7
BRH:0
end_of_record
